c:\users\newtonis\documents\visual studio 2015\projects\project1\project1\debug\vc140.pdb
c:\users\newtonis\documents\visual studio 2015\projects\project1\project1\debug\vc140.idb
c:\users\newtonis\documents\visual studio 2015\projects\project1\project1\debug\source.obj
c:\users\newtonis\documents\visual studio 2015\projects\project1\project1\debug\complex.obj
c:\users\newtonis\documents\visual studio 2015\projects\project1\project1\debug\main.obj
c:\users\newtonis\documents\visual studio 2015\projects\project1\project1\debug\mandelbrot.obj
f:\itba_eda_tps\tp2\project1\project1\debug\vc140.pdb
f:\itba_eda_tps\tp2\project1\project1\debug\vc140.idb
f:\itba_eda_tps\tp2\project1\project1\debug\complex.obj
f:\itba_eda_tps\tp2\project1\project1\debug\real_main.obj
f:\itba_eda_tps\tp2\project1\project1\debug\utils.obj
f:\itba_eda_tps\tp2\project1\project1\debug\lib_parser.obj
f:\itba_eda_tps\tp2\project1\project1\debug\mandelbrot.obj
c:\users\newtonis\documents\visual studio 2015\projects\project1\debug\project1.ilk
c:\users\newtonis\documents\visual studio 2015\projects\project1\debug\project1.exe
c:\users\newtonis\documents\visual studio 2015\projects\project1\debug\project1.pdb
f:\itba_eda_tps\tp2\project1\project1\debug\main.obj
f:\itba_eda_tps\tp2\project1\project1\debug\source.obj
f:\itba_eda_tps\tp2\project1\debug\project1.pdb
f:\itba_eda_tps\tp2\project1\project1\debug\project1.tlog\cl.write.1.tlog
f:\itba_eda_tps\tp2\project1\project1\debug\project1.tlog\cl.read.1.tlog
f:\itba_eda_tps\tp2\project1\project1\debug\project1.tlog\link.3204-cvtres.read.1.tlog
f:\itba_eda_tps\tp2\project1\project1\debug\project1.tlog\link-rc.read.1.tlog
f:\itba_eda_tps\tp2\project1\project1\debug\project1.tlog\link.3204-rc.read.1.tlog
f:\itba_eda_tps\tp2\project1\project1\debug\project1.tlog\link-cvtres.write.1.tlog
f:\itba_eda_tps\tp2\project1\project1\debug\project1.tlog\link.3204-rc.write.1.tlog
f:\itba_eda_tps\tp2\project1\project1\debug\project1.tlog\link-cvtres.read.1.tlog
f:\itba_eda_tps\tp2\project1\project1\debug\project1.tlog\link-rc.write.1.tlog
f:\itba_eda_tps\tp2\project1\project1\debug\project1.tlog\link.3204.write.1.tlog
f:\itba_eda_tps\tp2\project1\project1\debug\project1.tlog\link.3204.read.1.tlog
f:\itba_eda_tps\tp2\project1\project1\debug\project1.tlog\cl.command.1.tlog
f:\itba_eda_tps\tp2\project1\project1\debug\project1.tlog\link.command.1.tlog
f:\itba_eda_tps\tp2\project1\project1\debug\project1.tlog\link.read.1.tlog
f:\itba_eda_tps\tp2\project1\project1\debug\project1.tlog\link.3204-cvtres.write.1.tlog
f:\itba_eda_tps\tp2\project1\project1\debug\project1.tlog\link.write.1.tlog
